# JRE version: OpenJDK Runtime Environment (8.0_265-b01) (build 1.8.0_265-b01)
# Java VM: OpenJDK 64-Bit Server VM (25.265-b01 mixed mode windows-amd64 compressed oops)
Heap:
 PSYoungGen      total 124416K, used 60098K [0x00000000f5580000, 0x0000000100000000, 0x0000000100000000)
  eden space 82432K, 37% used [0x00000000f5580000,0x00000000f737dc90,0x00000000fa600000)
  from space 41984K, 69% used [0x00000000fd500000,0x00000000ff1b2f18,0x00000000ffe00000)
  to   space 46080K, 0% used [0x00000000fa600000,0x00000000fa600000,0x00000000fd300000)
 ParOldGen       total 349696K, used 200013K [0x00000000e0000000, 0x00000000f5580000, 0x00000000f5580000)
  object space 349696K, 57% used [0x00000000e0000000,0x00000000ec3534c0,0x00000000f5580000)
 Metaspace       used 147041K, capacity 152365K, committed 152524K, reserved 1185792K
  class space    used 14175K, capacity 15608K, committed 15616K, reserved 1048576K
GC Heap History (10 events):
Event: 83.231 GC heap before
{Heap before GC invocations=55 (full 5):
 PSYoungGen      total 119296K, used 70088K [0x00000000f5580000, 0x00000000fff00000, 0x0000000100000000)
  eden space 68096K, 100% used [0x00000000f5580000,0x00000000f9800000,0x00000000f9800000)
  from space 51200K, 3% used [0x00000000f9800000,0x00000000f99f22f8,0x00000000fca00000)
  to   space 50176K, 0% used [0x00000000fce00000,0x00000000fce00000,0x00000000fff00000)
 ParOldGen       total 349696K, used 195436K [0x00000000e0000000, 0x00000000f5580000, 0x00000000f5580000)
  object space 349696K, 55% used [0x00000000e0000000,0x00000000ebedb3d0,0x00000000f5580000)
 Metaspace       used 139383K, capacity 144153K, committed 144460K, reserved 1179648K
  class space    used 13638K, capacity 14948K, committed 14976K, reserved 1048576K
Event: 83.238 GC heap after
Heap after GC invocations=55 (full 5):
 PSYoungGen      total 119296K, used 3735K [0x00000000f5580000, 0x00000000ffb00000, 0x0000000100000000)
  eden space 73216K, 0% used [0x00000000f5580000,0x00000000f5580000,0x00000000f9d00000)
  from space 46080K, 8% used [0x00000000fce00000,0x00000000fd1a5fd0,0x00000000ffb00000)
  to   space 48128K, 0% used [0x00000000f9d00000,0x00000000f9d00000,0x00000000fcc00000)
 ParOldGen       total 349696K, used 195860K [0x00000000e0000000, 0x00000000f5580000, 0x00000000f5580000)
  object space 349696K, 56% used [0x00000000e0000000,0x00000000ebf453d0,0x00000000f5580000)
 Metaspace       used 139383K, capacity 144153K, committed 144460K, reserved 1179648K
  class space    used 13638K, capacity 14948K, committed 14976K, reserved 1048576K
}
Event: 83.954 GC heap before
{Heap before GC invocations=56 (full 5):
 PSYoungGen      total 119296K, used 76951K [0x00000000f5580000, 0x00000000ffb00000, 0x0000000100000000)
  eden space 73216K, 100% used [0x00000000f5580000,0x00000000f9d00000,0x00000000f9d00000)
  from space 46080K, 8% used [0x00000000fce00000,0x00000000fd1a5fd0,0x00000000ffb00000)
  to   space 48128K, 0% used [0x00000000f9d00000,0x00000000f9d00000,0x00000000fcc00000)
 ParOldGen       total 349696K, used 195860K [0x00000000e0000000, 0x00000000f5580000, 0x00000000f5580000)
  object space 349696K, 56% used [0x00000000e0000000,0x00000000ebf453d0,0x00000000f5580000)
 Metaspace       used 141660K, capacity 146463K, committed 146764K, reserved 1181696K
  class space    used 13804K, capacity 15152K, committed 15232K, reserved 1048576K
Event: 83.971 GC heap after
Heap after GC invocations=56 (full 5):
 PSYoungGen      total 121344K, used 2506K [0x00000000f5580000, 0x00000000ffe00000, 0x0000000100000000)
  eden space 73216K, 0% used [0x00000000f5580000,0x00000000f5580000,0x00000000f9d00000)
  from space 48128K, 5% used [0x00000000f9d00000,0x00000000f9f72af8,0x00000000fcc00000)
  to   space 46080K, 0% used [0x00000000fd100000,0x00000000fd100000,0x00000000ffe00000)
 ParOldGen       total 349696K, used 196580K [0x00000000e0000000, 0x00000000f5580000, 0x00000000f5580000)
  object space 349696K, 56% used [0x00000000e0000000,0x00000000ebff93d0,0x00000000f5580000)
 Metaspace       used 141660K, capacity 146463K, committed 146764K, reserved 1181696K
  class space    used 13804K, capacity 15152K, committed 15232K, reserved 1048576K
}
Event: 84.474 GC heap before
{Heap before GC invocations=57 (full 5):
 PSYoungGen      total 121344K, used 75722K [0x00000000f5580000, 0x00000000ffe00000, 0x0000000100000000)
  eden space 73216K, 100% used [0x00000000f5580000,0x00000000f9d00000,0x00000000f9d00000)
  from space 48128K, 5% used [0x00000000f9d00000,0x00000000f9f72af8,0x00000000fcc00000)
  to   space 46080K, 0% used [0x00000000fd100000,0x00000000fd100000,0x00000000ffe00000)
 ParOldGen       total 349696K, used 196580K [0x00000000e0000000, 0x00000000f5580000, 0x00000000f5580000)
  object space 349696K, 56% used [0x00000000e0000000,0x00000000ebff93d0,0x00000000f5580000)
 Metaspace       used 143262K, capacity 148077K, committed 148300K, reserved 1181696K
  class space    used 13887K, capacity 15217K, committed 15232K, reserved 1048576K
Event: 84.511 GC heap after
Heap after GC invocations=57 (full 5):
 PSYoungGen      total 122368K, used 4214K [0x00000000f5580000, 0x00000000ffa00000, 0x0000000100000000)
  eden space 80384K, 0% used [0x00000000f5580000,0x00000000f5580000,0x00000000fa400000)
  from space 41984K, 10% used [0x00000000fd100000,0x00000000fd51d850,0x00000000ffa00000)
  to   space 44032K, 0% used [0x00000000fa400000,0x00000000fa400000,0x00000000fcf00000)
 ParOldGen       total 349696K, used 196580K [0x00000000e0000000, 0x00000000f5580000, 0x00000000f5580000)
  object space 349696K, 56% used [0x00000000e0000000,0x00000000ebff93d0,0x00000000f5580000)
 Metaspace       used 143262K, capacity 148077K, committed 148300K, reserved 1181696K
  class space    used 13887K, capacity 15217K, committed 15232K, reserved 1048576K
}
Event: 85.003 GC heap before
{Heap before GC invocations=58 (full 5):
 PSYoungGen      total 122368K, used 84598K [0x00000000f5580000, 0x00000000ffa00000, 0x0000000100000000)
  eden space 80384K, 100% used [0x00000000f5580000,0x00000000fa400000,0x00000000fa400000)
  from space 41984K, 10% used [0x00000000fd100000,0x00000000fd51d850,0x00000000ffa00000)
  to   space 44032K, 0% used [0x00000000fa400000,0x00000000fa400000,0x00000000fcf00000)
 ParOldGen       total 349696K, used 196580K [0x00000000e0000000, 0x00000000f5580000, 0x00000000f5580000)
  object space 349696K, 56% used [0x00000000e0000000,0x00000000ebff93d0,0x00000000f5580000)
 Metaspace       used 144734K, capacity 149587K, committed 149964K, reserved 1183744K
  class space    used 13969K, capacity 15314K, committed 15360K, reserved 1048576K
Event: 85.021 GC heap after
Heap after GC invocations=58 (full 5):
 PSYoungGen      total 124416K, used 1707K [0x00000000f5580000, 0x00000000ffe00000, 0x0000000100000000)
  eden space 80384K, 0% used [0x00000000f5580000,0x00000000f5580000,0x00000000fa400000)
  from space 44032K, 3% used [0x00000000fa400000,0x00000000fa5aad70,0x00000000fcf00000)
  to   space 41984K, 0% used [0x00000000fd500000,0x00000000fd500000,0x00000000ffe00000)
 ParOldGen       total 349696K, used 199525K [0x00000000e0000000, 0x00000000f5580000, 0x00000000f5580000)
  object space 349696K, 57% used [0x00000000e0000000,0x00000000ec2d94c0,0x00000000f5580000)
 Metaspace       used 144734K, capacity 149587K, committed 149964K, reserved 1183744K
  class space    used 13969K, capacity 15314K, committed 15360K, reserved 1048576K
}
Event: 85.798 GC heap before
{Heap before GC invocations=59 (full 5):
 PSYoungGen      total 124416K, used 82091K [0x00000000f5580000, 0x00000000ffe00000, 0x0000000100000000)
  eden space 80384K, 100% used [0x00000000f5580000,0x00000000fa400000,0x00000000fa400000)
  from space 44032K, 3% used [0x00000000fa400000,0x00000000fa5aad70,0x00000000fcf00000)
  to   space 41984K, 0% used [0x00000000fd500000,0x00000000fd500000,0x00000000ffe00000)
 ParOldGen       total 349696K, used 199525K [0x00000000e0000000, 0x00000000f5580000, 0x00000000f5580000)
  object space 349696K, 57% used [0x00000000e0000000,0x00000000ec2d94c0,0x00000000f5580000)
 Metaspace       used 146254K, capacity 151401K, committed 151500K, reserved 1185792K
  class space    used 14112K, capacity 15520K, committed 15616K, reserved 1048576K
Event: 85.826 GC heap after
Heap after GC invocations=59 (full 5):
 PSYoungGen      total 124416K, used 29387K [0x00000000f5580000, 0x0000000100000000, 0x0000000100000000)
  eden space 82432K, 0% used [0x00000000f5580000,0x00000000f5580000,0x00000000fa600000)
  from space 41984K, 69% used [0x00000000fd500000,0x00000000ff1b2f18,0x00000000ffe00000)
  to   space 46080K, 0% used [0x00000000fa600000,0x00000000fa600000,0x00000000fd300000)
 ParOldGen       total 349696K, used 200013K [0x00000000e0000000, 0x00000000f5580000, 0x00000000f5580000)
  object space 349696K, 57% used [0x00000000e0000000,0x00000000ec3534c0,0x00000000f5580000)
 Metaspace       used 146254K, capacity 151401K, committed 151500K, reserved 1185792K
  class space    used 14112K, capacity 15520K, committed 15616K, reserved 1048576K
}

